\BOOKMARK [1][-]{section.1}{\376\377\000T\000e\000x\000t\000o\000\040\000d\000e\000\040\000M\000o\000d\000e\000l\000a\000g\000e\000m}{}% 1
\BOOKMARK [1][-]{section.2}{\376\377\000D\000i\000a\000g\000r\000a\000m\000a\000\040\000M\000o\000d\000e\000l\000o\000\040\000E\000n\000t\000i\000d\000a\000d\000e\000-\000R\000e\000l\000a\000c\000i\000o\000n\000a\000m\000e\000n\000t\000o}{}% 2
\BOOKMARK [1][-]{section.3}{\376\377\000D\000i\000a\000g\000r\000a\000m\000a\000\040\000M\000o\000d\000e\000l\000o\000\040\000R\000e\000l\000a\000c\000i\000o\000n\000a\000l\000\040}{}% 3
\BOOKMARK [1][-]{section.4}{\376\377\000P\000r\000e\000p\000a\000r\000a\000\347\000\343\000o\000\040\000\050\000P\000o\000s\000t\000g\000r\000e\000S\000Q\000L\000\051}{}% 4
\BOOKMARK [2][-]{subsection.4.1}{\376\377\000C\000r\000i\000a\000n\000d\000o\000\040\000T\000a\000b\000e\000l\000a\000s}{section.4}% 5
\BOOKMARK [3][-]{subsubsection.4.1.1}{\376\377\000C\000h\000a\000t\000s}{subsection.4.1}% 6
\BOOKMARK [3][-]{subsubsection.4.1.2}{\376\377\000U\000s\000r}{subsection.4.1}% 7
\BOOKMARK [3][-]{subsubsection.4.1.3}{\376\377\000P\000o\000s\000t\000s}{subsection.4.1}% 8
\BOOKMARK [3][-]{subsubsection.4.1.4}{\376\377\000u\000s\000r\000\137\000p\000o\000s\000t\000s\000\137\000c\000h\000a\000t\000s}{subsection.4.1}% 9
\BOOKMARK [3][-]{subsubsection.4.1.5}{\376\377\000f\000o\000l\000l\000o\000w}{subsection.4.1}% 10
\BOOKMARK [3][-]{subsubsection.4.1.6}{\376\377\000A\000n\000e\000x\000e\000s}{subsection.4.1}% 11
\BOOKMARK [2][-]{subsection.4.2}{\376\377\000I\000n\000s\000e\000r\000i\000n\000d\000o\000\040\000D\000a\000d\000o\000s}{section.4}% 12
\BOOKMARK [3][-]{subsubsection.4.2.1}{\376\377\000C\000h\000a\000t\000s}{subsection.4.2}% 13
\BOOKMARK [3][-]{subsubsection.4.2.2}{\376\377\000U\000s\000r}{subsection.4.2}% 14
\BOOKMARK [3][-]{subsubsection.4.2.3}{\376\377\000P\000o\000s\000t\000s}{subsection.4.2}% 15
\BOOKMARK [3][-]{subsubsection.4.2.4}{\376\377\000u\000s\000r\000\137\000p\000o\000s\000t\000s\000\137\000c\000h\000a\000t\000s}{subsection.4.2}% 16
\BOOKMARK [3][-]{subsubsection.4.2.5}{\376\377\000f\000o\000l\000l\000o\000w}{subsection.4.2}% 17
\BOOKMARK [3][-]{subsubsection.4.2.6}{\376\377\000A\000n\000e\000x\000e\000s}{subsection.4.2}% 18
\BOOKMARK [1][-]{section.5}{\376\377\000T\000e\000s\000t\000a\000n\000d\000o\000\040\000c\000o\000m\000\040\000D\000a\000d\000o\000s}{}% 19
\BOOKMARK [2][-]{subsection.5.1}{\376\377\000T\000a\000b\000e\000l\000a\000\040\000C\000h\000a\000t\000s\000\040\000-\000\040\000\050\000G\000r\000u\000p\000o\000s\000\051}{section.5}% 20
\BOOKMARK [2][-]{subsection.5.2}{\376\377\000T\000a\000b\000e\000l\000a\000\040\000U\000s\000r\000\040\000-\000\040\000\050\000U\000s\000u\000\341\000r\000i\000o\000s\000\051}{section.5}% 21
\BOOKMARK [2][-]{subsection.5.3}{\376\377\000T\000a\000b\000e\000l\000a\000\040\000P\000o\000s\000t\000s\000\040\000-\000\040\000\050\000M\000e\000n\000s\000a\000g\000e\000n\000s\000\051}{section.5}% 22
\BOOKMARK [2][-]{subsection.5.4}{\376\377\000T\000a\000b\000e\000l\000a\000\040\000u\000s\000r\000\137\000p\000o\000s\000t\000s\000\137\000c\000h\000a\000t\000s\000\040\000\050\000R\000e\000l\000a\000\347\000\343\000o\000:\000\040\000U\000s\000r\000\040\000<\000N\000>\000\040\000-\000\040\000P\000o\000s\000t\000s\000\040\000<\000N\000>\000\040\000-\000\040\000C\000h\000a\000t\000s\000\040\000<\000N\000>\000\051}{section.5}% 23
\BOOKMARK [2][-]{subsection.5.5}{\376\377\000T\000a\000b\000e\000l\000a\000\040\000f\000o\000l\000l\000o\000w\000\040\000\050\000R\000e\000l\000a\000\347\000\343\000o\000:\000\040\000U\000s\000r\000\040\000<\000N\000>\000\040\000-\000\040\000U\000s\000r\000\040\000<\000N\000>\000\040\000[\000a\000u\000t\000o\000-\000r\000e\000l\000a\000\347\000\343\000o\000]\000\051}{section.5}% 24
\BOOKMARK [2][-]{subsection.5.6}{\376\377\000T\000a\000b\000e\000l\000a\000\040\000A\000n\000e\000x\000e\000s\000\040\000\050\000R\000e\000l\000a\000\347\000\343\000o\000:\000\040\000A\000n\000e\000x\000e\000s\000\040\000<\000N\000>\000\040\000-\000\040\000P\000o\000s\000t\000s\000\040\000<\0001\000>\000\051}{section.5}% 25
\BOOKMARK [1][-]{section.6}{\376\377\000F\000u\000l\000l\000\040\000s\000c\000r\000i\000p\000t}{}% 26
\BOOKMARK [1][-]{section.7}{\376\377\000S\000E\000L\000E\000C\000T\000\040\000Q\000u\000e\000r\000i\000e\000s}{}% 27
\BOOKMARK [2][-]{subsection.7.1}{\376\377\000S\000E\000L\000E\000C\000T\000\040\000w\000i\000t\000h\000\040\000W\000H\000E\000R\000E\000,\000\040\000L\000I\000K\000E\000\040\000a\000n\000d\000\040\000C\000O\000U\000N\000T\000\040\000f\000u\000n\000c\000t\000i\000o\000n}{section.7}% 28
\BOOKMARK [2][-]{subsection.7.2}{\376\377\000S\000E\000L\000E\000C\000T\000\040\000w\000i\000t\000h\000\040\000R\000I\000G\000H\000T\000\040\000J\000O\000I\000N}{section.7}% 29
\BOOKMARK [2][-]{subsection.7.3}{\376\377\000S\000E\000L\000E\000C\000T\000\040\000w\000i\000t\000h\000\040\000I\000N\000N\000E\000R\000\040\000J\000O\000I\000N\000,\000\040\0004\000\040\000t\000a\000b\000l\000e\000s}{section.7}% 30
